-------------------------------------------------------------------------------
Test set: rest.LoginEndpointTest
-------------------------------------------------------------------------------
Tests run: 10, Failures: 1, Errors: 0, Skipped: 0, Time elapsed: 7.306 s <<< FAILURE! - in rest.LoginEndpointTest
testRestNoAuthenticationRequired  Time elapsed: 0.298 s  <<< FAILURE!
java.lang.AssertionError: 
1 expectation failed.
JSON path msg doesn't match.
Expected: Hello anonymous
  Actual: Hello anonymous person

	at rest.LoginEndpointTest.testRestNoAuthenticationRequired(LoginEndpointTest.java:125)

